2021-04-01 09:28:01.204  INFO 12388 --- [main] com.switchfully.euder.EuderApplication   : Starting EuderApplication using Java 15.0.2 on FIN-32L9TT2 with PID 12388 (C:\_development\switchfullyPractice\euder\target\classes started by lkrebs in C:\_development\switchfullyPractice\euder)
2021-04-01 09:28:01.215 DEBUG 12388 --- [main] com.switchfully.euder.EuderApplication   : Running with Spring Boot v2.4.4, Spring v5.3.5
2021-04-01 09:28:01.216  INFO 12388 --- [main] com.switchfully.euder.EuderApplication   : No active profile set, falling back to default profiles: default
2021-04-01 09:28:03.037  INFO 12388 --- [main] o.s.b.w.embedded.tomcat.TomcatWebServer  : Tomcat initialized with port(s): 8080 (http)
2021-04-01 09:28:03.051  INFO 12388 --- [main] o.apache.catalina.core.StandardService   : Starting service [Tomcat]
2021-04-01 09:28:03.052  INFO 12388 --- [main] org.apache.catalina.core.StandardEngine  : Starting Servlet engine: [Apache Tomcat/9.0.44]
2021-04-01 09:28:03.138  INFO 12388 --- [main] o.a.c.c.C.[Tomcat].[localhost].[/]       : Initializing Spring embedded WebApplicationContext
2021-04-01 09:28:03.139  INFO 12388 --- [main] w.s.c.ServletWebServerApplicationContext : Root WebApplicationContext: initialization completed in 1783 ms
2021-04-01 09:28:03.517  INFO 12388 --- [main] o.s.s.concurrent.ThreadPoolTaskExecutor  : Initializing ExecutorService 'applicationTaskExecutor'
2021-04-01 09:28:04.333  INFO 12388 --- [main] o.s.b.w.embedded.tomcat.TomcatWebServer  : Tomcat started on port(s): 8080 (http) with context path ''
2021-04-01 09:28:04.343  INFO 12388 --- [main] com.switchfully.euder.EuderApplication   : Started EuderApplication in 3.97 seconds (JVM running for 5.994)
2021-04-01 09:28:20.357  INFO 12388 --- [http-nio-8080-exec-1] o.a.c.c.C.[Tomcat].[localhost].[/]       : Initializing Spring DispatcherServlet 'dispatcherServlet'
2021-04-01 09:28:20.357  INFO 12388 --- [http-nio-8080-exec-1] o.s.web.servlet.DispatcherServlet        : Initializing Servlet 'dispatcherServlet'
2021-04-01 09:28:20.360  INFO 12388 --- [http-nio-8080-exec-1] o.s.web.servlet.DispatcherServlet        : Completed initialization in 3 ms
2021-04-01 09:28:22.122  INFO 12388 --- [http-nio-8080-exec-7] o.springdoc.api.AbstractOpenApiResource  : Init duration for springdoc-openapi is: 597 ms
2021-04-01 09:28:47.113  INFO 12388 --- [http-nio-8080-exec-8] c.switchfully.euder.service.UserService  : Getting all the User
2021-04-01 09:28:58.975  INFO 12388 --- [http-nio-8080-exec-9] c.switchfully.euder.service.UserService  : Getting all the User
2021-04-01 09:28:58.988  INFO 12388 --- [http-nio-8080-exec-9] c.s.e.api.controllers.UserController     : Creating a Customer
2021-04-01 09:28:58.989  INFO 12388 --- [http-nio-8080-exec-9] c.s.euder.api.mappers.CustomerMapper     : Returning Customer entity based on CustomerDtoCreate
2021-04-01 09:28:58.991  INFO 12388 --- [http-nio-8080-exec-9] c.s.e.api.controllers.UserController     : Inserting a new Customer with UUID dcd45d87-0c7c-43cd-bedd-ebae7bb7f87d
2021-04-01 09:28:58.991  INFO 12388 --- [http-nio-8080-exec-9] c.switchfully.euder.service.UserService  : Inserting one User
2021-04-01 09:28:58.992  INFO 12388 --- [http-nio-8080-exec-9] c.s.euder.api.mappers.CustomerMapper     : Returning CustomerDtoCreate based on Customer entity
2021-04-01 09:29:10.378  INFO 12388 --- [http-nio-8080-exec-10] c.switchfully.euder.service.UserService  : Getting all the User
2021-04-01 09:34:17.970  INFO 2464 --- [main] com.switchfully.euder.EuderApplication   : Starting EuderApplication using Java 15.0.2 on FIN-32L9TT2 with PID 2464 (C:\_development\switchfullyPractice\euder\target\classes started by lkrebs in C:\_development\switchfullyPractice\euder)
2021-04-01 09:34:17.974 DEBUG 2464 --- [main] com.switchfully.euder.EuderApplication   : Running with Spring Boot v2.4.4, Spring v5.3.5
2021-04-01 09:34:17.975  INFO 2464 --- [main] com.switchfully.euder.EuderApplication   : No active profile set, falling back to default profiles: default
2021-04-01 09:34:19.438  INFO 2464 --- [main] o.s.b.w.embedded.tomcat.TomcatWebServer  : Tomcat initialized with port(s): 8080 (http)
2021-04-01 09:34:19.454  INFO 2464 --- [main] o.apache.catalina.core.StandardService   : Starting service [Tomcat]
2021-04-01 09:34:19.454  INFO 2464 --- [main] org.apache.catalina.core.StandardEngine  : Starting Servlet engine: [Apache Tomcat/9.0.44]
2021-04-01 09:34:19.528  INFO 2464 --- [main] o.a.c.c.C.[Tomcat].[localhost].[/]       : Initializing Spring embedded WebApplicationContext
2021-04-01 09:34:19.528  INFO 2464 --- [main] w.s.c.ServletWebServerApplicationContext : Root WebApplicationContext: initialization completed in 1474 ms
2021-04-01 09:34:19.836  INFO 2464 --- [main] o.s.s.concurrent.ThreadPoolTaskExecutor  : Initializing ExecutorService 'applicationTaskExecutor'
2021-04-01 09:34:20.502  INFO 2464 --- [main] o.s.b.w.embedded.tomcat.TomcatWebServer  : Tomcat started on port(s): 8080 (http) with context path ''
2021-04-01 09:34:20.515  INFO 2464 --- [main] com.switchfully.euder.EuderApplication   : Started EuderApplication in 3.2 seconds (JVM running for 4.365)
2021-04-01 10:18:55.519  INFO 10308 --- [main] com.switchfully.euder.EuderApplication   : Starting EuderApplication using Java 15.0.2 on FIN-32L9TT2 with PID 10308 (C:\_development\switchfullyPractice\euder\target\classes started by lkrebs in C:\_development\switchfullyPractice\euder)
2021-04-01 10:18:55.523 DEBUG 10308 --- [main] com.switchfully.euder.EuderApplication   : Running with Spring Boot v2.4.4, Spring v5.3.5
2021-04-01 10:18:55.523  INFO 10308 --- [main] com.switchfully.euder.EuderApplication   : No active profile set, falling back to default profiles: default
2021-04-01 10:18:57.057  INFO 10308 --- [main] o.s.b.w.embedded.tomcat.TomcatWebServer  : Tomcat initialized with port(s): 8080 (http)
2021-04-01 10:18:57.070  INFO 10308 --- [main] o.apache.catalina.core.StandardService   : Starting service [Tomcat]
2021-04-01 10:18:57.071  INFO 10308 --- [main] org.apache.catalina.core.StandardEngine  : Starting Servlet engine: [Apache Tomcat/9.0.44]
2021-04-01 10:18:57.152  INFO 10308 --- [main] o.a.c.c.C.[Tomcat].[localhost].[/]       : Initializing Spring embedded WebApplicationContext
2021-04-01 10:18:57.152  INFO 10308 --- [main] w.s.c.ServletWebServerApplicationContext : Root WebApplicationContext: initialization completed in 1554 ms
2021-04-01 10:18:57.461  INFO 10308 --- [main] o.s.s.concurrent.ThreadPoolTaskExecutor  : Initializing ExecutorService 'applicationTaskExecutor'
2021-04-01 10:18:58.195  INFO 10308 --- [main] o.s.b.w.embedded.tomcat.TomcatWebServer  : Tomcat started on port(s): 8080 (http) with context path ''
2021-04-01 10:18:58.205  INFO 10308 --- [main] com.switchfully.euder.EuderApplication   : Started EuderApplication in 3.328 seconds (JVM running for 4.647)
